<?xml version="1.0" encoding="UTF-8"?>
<!-- Generated by org.testng.reporters.JUnitXMLReporter -->
<testsuite hostname="DESKTOP-QQHIPVQ" ignored="0" name="Validating title in the Page" tests="2" failures="1" timestamp="12 May 2021 05:49:07 GMT" time="28.994" errors="0">
  <testcase name="basePageNavigation" time="0.765" classname="Academy.validateTitle">
    <failure type="java.lang.AssertionError" message="expected [FEATURED COURSES233] but found [FEATURED COURSES]">
      <![CDATA[java.lang.AssertionError: expected [FEATURED COURSES233] but found [FEATURED COURSES]
at Academy.validateTitle.basePageNavigation(validateTitle.java:47)
at java.util.concurrent.FutureTask.run(FutureTask.java:266)
at java.util.concurrent.ThreadPoolExecutor.runWorker(ThreadPoolExecutor.java:1149)
at java.util.concurrent.ThreadPoolExecutor$Worker.run(ThreadPoolExecutor.java:624)
at java.lang.Thread.run(Thread.java:748)
... Removed 22 stack frames]]>
    </failure>
  </testcase> <!-- basePageNavigation -->
  <testcase name="validateHeader" time="1.01" classname="Academy.validateTitle"/>
</testsuite> <!-- Validating title in the Page -->
