<?xml version="1.0" encoding="UTF-8"?>
<testng-results skipped="0" failed="1" ignored="0" total="5" passed="4">
  <reporter-output>
  </reporter-output>
  <suite name="Suite" duration-ms="34931" started-at="2021-05-12T05:48:38Z" finished-at="2021-05-12T05:49:13Z">
    <groups>
    </groups>
    <test name="App Testing" duration-ms="9" started-at="2021-05-12T05:48:39Z" finished-at="2021-05-12T05:48:39Z">
    </test> <!-- App Testing -->
    <test name="Validating Navigation Bar" duration-ms="28630" started-at="2021-05-12T05:48:39Z" finished-at="2021-05-12T05:49:07Z">
      <class name="Academy.validateNavigationBar">
        <test-method status="PASS" signature="initialize()[pri:0, instance:Academy.validateNavigationBar@651aed93]" name="initialize" is-config="true" duration-ms="24967" started-at="2021-05-12T05:48:39Z" finished-at="2021-05-12T05:49:04Z">
          <reporter-output>
          </reporter-output>
        </test-method> <!-- initialize -->
        <test-method status="PASS" signature="basePageNavigation()[pri:0, instance:Academy.validateNavigationBar@651aed93]" name="basePageNavigation" duration-ms="280" started-at="2021-05-12T05:49:04Z" finished-at="2021-05-12T05:49:04Z">
          <reporter-output>
          </reporter-output>
        </test-method> <!-- basePageNavigation -->
        <test-method status="PASS" signature="teardown()[pri:0, instance:Academy.validateNavigationBar@651aed93]" name="teardown" is-config="true" duration-ms="3366" started-at="2021-05-12T05:49:04Z" finished-at="2021-05-12T05:49:07Z">
          <reporter-output>
          </reporter-output>
        </test-method> <!-- teardown -->
      </class> <!-- Academy.validateNavigationBar -->
    </test> <!-- Validating Navigation Bar -->
    <test name="Validating title in the Page" duration-ms="28994" started-at="2021-05-12T05:48:38Z" finished-at="2021-05-12T05:49:07Z">
      <class name="Academy.validateTitle">
        <test-method status="PASS" signature="initialize()[pri:0, instance:Academy.validateTitle@6283d8b8]" name="initialize" is-config="true" duration-ms="24883" started-at="2021-05-12T05:48:38Z" finished-at="2021-05-12T05:49:03Z">
          <reporter-output>
          </reporter-output>
        </test-method> <!-- initialize -->
        <test-method status="FAIL" signature="basePageNavigation()[pri:0, instance:Academy.validateTitle@6283d8b8]" name="basePageNavigation" duration-ms="765" started-at="2021-05-12T05:49:03Z" finished-at="2021-05-12T05:49:04Z">
          <exception class="java.lang.AssertionError">
            <message>
              <![CDATA[expected [FEATURED COURSES233] but found [FEATURED COURSES]]]>
            </message>
            <full-stacktrace>
              <![CDATA[java.lang.AssertionError: expected [FEATURED COURSES233] but found [FEATURED COURSES]
at org.testng.Assert.fail(Assert.java:96)
at org.testng.Assert.failNotEquals(Assert.java:776)
at org.testng.Assert.assertEqualsImpl(Assert.java:137)
at org.testng.Assert.assertEquals(Assert.java:118)
at org.testng.Assert.assertEquals(Assert.java:453)
at org.testng.Assert.assertEquals(Assert.java:463)
at Academy.validateTitle.basePageNavigation(validateTitle.java:47)
at sun.reflect.NativeMethodAccessorImpl.invoke0(Native Method)
at sun.reflect.NativeMethodAccessorImpl.invoke(NativeMethodAccessorImpl.java:62)
at sun.reflect.DelegatingMethodAccessorImpl.invoke(DelegatingMethodAccessorImpl.java:43)
at java.lang.reflect.Method.invoke(Method.java:498)
at org.testng.internal.MethodInvocationHelper.invokeMethod(MethodInvocationHelper.java:124)
at org.testng.internal.Invoker.invokeMethod(Invoker.java:583)
at org.testng.internal.Invoker.invokeTestMethod(Invoker.java:719)
at org.testng.internal.Invoker.invokeTestMethods(Invoker.java:989)
at org.testng.internal.TestMethodWorker.invokeTestMethods(TestMethodWorker.java:125)
at org.testng.internal.TestMethodWorker.run(TestMethodWorker.java:109)
at org.testng.TestRunner.privateRun(TestRunner.java:648)
at org.testng.TestRunner.run(TestRunner.java:505)
at org.testng.SuiteRunner.runTest(SuiteRunner.java:455)
at org.testng.SuiteRunner.access$000(SuiteRunner.java:40)
at org.testng.SuiteRunner$SuiteWorker.run(SuiteRunner.java:489)
at org.testng.internal.thread.ThreadUtil$1.call(ThreadUtil.java:52)
at java.util.concurrent.FutureTask.run(FutureTask.java:266)
at java.util.concurrent.ThreadPoolExecutor.runWorker(ThreadPoolExecutor.java:1149)
at java.util.concurrent.ThreadPoolExecutor$Worker.run(ThreadPoolExecutor.java:624)
at java.lang.Thread.run(Thread.java:748)
]]>
            </full-stacktrace>
          </exception> <!-- java.lang.AssertionError -->
          <reporter-output>
          </reporter-output>
        </test-method> <!-- basePageNavigation -->
        <test-method status="PASS" signature="validateHeader()[pri:0, instance:Academy.validateTitle@6283d8b8]" name="validateHeader" duration-ms="1010" started-at="2021-05-12T05:49:05Z" finished-at="2021-05-12T05:49:06Z">
          <reporter-output>
          </reporter-output>
        </test-method> <!-- validateHeader -->
        <test-method status="PASS" signature="teardown()[pri:0, instance:Academy.validateTitle@6283d8b8]" name="teardown" is-config="true" duration-ms="1393" started-at="2021-05-12T05:49:06Z" finished-at="2021-05-12T05:49:07Z">
          <reporter-output>
          </reporter-output>
        </test-method> <!-- teardown -->
      </class> <!-- Academy.validateTitle -->
    </test> <!-- Validating title in the Page -->
    <test name="Validating User Login" duration-ms="34931" started-at="2021-05-12T05:48:38Z" finished-at="2021-05-12T05:49:13Z">
      <class name="Academy.HomePage">
        <test-method status="PASS" signature="initialize()[pri:0, instance:Academy.HomePage@71238fc2]" name="initialize" is-config="true" duration-ms="8671" started-at="2021-05-12T05:48:39Z" finished-at="2021-05-12T05:48:47Z">
          <reporter-output>
          </reporter-output>
        </test-method> <!-- initialize -->
        <test-method status="PASS" signature="basePageNavigation(java.lang.String, java.lang.String, java.lang.String)[pri:0, instance:Academy.HomePage@71238fc2]" name="basePageNavigation" duration-ms="20789" started-at="2021-05-12T05:48:47Z" data-provider="getData" finished-at="2021-05-12T05:49:08Z">
          <params>
            <param index="0">
              <value>
                <![CDATA[new@mailinator.com]]>
              </value>
            </param>
            <param index="1">
              <value>
                <![CDATA[123456]]>
              </value>
            </param>
            <param index="2">
              <value>
                <![CDATA[Restricted User]]>
              </value>
            </param>
          </params>
          <reporter-output>
          </reporter-output>
        </test-method> <!-- basePageNavigation -->
        <test-method status="PASS" signature="basePageNavigation(java.lang.String, java.lang.String, java.lang.String)[pri:0, instance:Academy.HomePage@71238fc2]" name="basePageNavigation" duration-ms="4835" started-at="2021-05-12T05:49:08Z" data-provider="getData" finished-at="2021-05-12T05:49:13Z">
          <params>
            <param index="0">
              <value>
                <![CDATA[helloo@mailinator.com]]>
              </value>
            </param>
            <param index="1">
              <value>
                <![CDATA[7891011]]>
              </value>
            </param>
            <param index="2">
              <value>
                <![CDATA[Non-Restricted User]]>
              </value>
            </param>
          </params>
          <reporter-output>
          </reporter-output>
        </test-method> <!-- basePageNavigation -->
        <test-method status="PASS" signature="teardown()[pri:0, instance:Academy.HomePage@71238fc2]" name="teardown" is-config="true" duration-ms="566" started-at="2021-05-12T05:49:13Z" finished-at="2021-05-12T05:49:13Z">
          <reporter-output>
          </reporter-output>
        </test-method> <!-- teardown -->
      </class> <!-- Academy.HomePage -->
    </test> <!-- Validating User Login -->
  </suite> <!-- Suite -->
</testng-results>
